<?xml version="1.0" encoding="UTF-8"?>
<testsuite xmlns:xsi="http://www.w3.org/2001/XMLSchema-instance" xsi:noNamespaceSchemaLocation="https://maven.apache.org/surefire/maven-surefire-plugin/xsd/surefire-test-report-3.0.xsd" version="3.0" name="com.example.SyncUp.SyncUpApplicationTests" time="1.512" tests="1" errors="0" skipped="0" failures="0">
  <properties>
[...]
</properties>
  <testcase name="contextLoads" classname="com.example.SyncUp.SyncUpApplicationTests" time="0.433">
    <system-out><![CDATA[00:44:31.841 [main] INFO org.springframework.test.context.support.AnnotationConfigContextLoaderUtils -- Could not detect default configuration classes for test class [com.example.SyncUp.SyncUpApplicationTests]: SyncUpApplicationTests does not declare any static, non-private, non-final, nested classes annotated with @Configuration.
00:44:31.894 [main] INFO org.springframework.boot.test.context.SpringBootTestContextBootstrapper -- Found @SpringBootConfiguration com.example.SyncUp.SyncUpApplication for test class com.example.SyncUp.SyncUpApplicationTests

  .   ____          _            __ _ _
 /\\ / ___'_ __ _ _(_)_ __  __ _ \ \ \ \
( ( )\___ | '_ | '_| | '_ \/ _` | \ \ \ \
 \\/  ___)| |_)| | | | | || (_| |  ) ) ) )
  '  |____| .__|_| |_|_| |_\__, | / / / /
 =========|_|==============|___/=/_/_/_/
 :: Spring Boot ::                (v3.2.3)

2024-04-08T00:44:32.060-04:00  INFO 15275 --- [SyncUp] [           main] c.example.SyncUp.SyncUpApplicationTests  : Starting SyncUpApplicationTests using Java 21.0.2 with PID 15275 (started by fabio in /Users/fabio/IdeaProjects/comp4960-spring-2024-project-group-2-syncup)
2024-04-08T00:44:32.061-04:00  INFO 15275 --- [SyncUp] [           main] c.example.SyncUp.SyncUpApplicationTests  : No active profile set, falling back to 1 default profile: "default"
2024-04-08T00:44:32.807-04:00  INFO 15275 --- [SyncUp] [           main] c.example.SyncUp.SyncUpApplicationTests  : Started SyncUpApplicationTests in 0.849 seconds (process running for 1.32)
]]></system-out>
    <system-err><![CDATA[WARNING: A Java agent has been loaded dynamically (/Users/fabio/.m2/repository/net/bytebuddy/byte-buddy-agent/1.14.12/byte-buddy-agent-1.14.12.jar)
WARNING: If a serviceability tool is in use, please run with -XX:+EnableDynamicAgentLoading to hide this warning
WARNING: If a serviceability tool is not in use, please run with -Djdk.instrument.traceUsage for more information
WARNING: Dynamic loading of agents will be disallowed by default in a future release
]]></system-err>
  </testcase>
</testsuite>